TN:
SF:/Users/dxq613/Desktop/work/acharts/achart-legend/index.js
FNF:0
FNH:0
DA:1,1
DA:3,1
DA:4,1
DA:6,1
LF:4
LH:4
BRF:0
BRH:0
end_of_record
TN:
SF:/Users/dxq613/Desktop/work/acharts/achart-legend/src/legend.js
FN:21,(anonymous_1)
FN:139,(anonymous_2)
FN:146,(anonymous_3)
FN:150,(anonymous_4)
FN:162,(anonymous_5)
FN:165,(anonymous_6)
FN:171,(anonymous_7)
FN:179,(anonymous_8)
FN:183,(anonymous_9)
FN:207,(anonymous_10)
FN:213,(anonymous_11)
FN:223,(anonymous_12)
FN:229,(anonymous_13)
FN:235,(anonymous_14)
FN:245,(anonymous_15)
FN:248,(anonymous_16)
FN:260,(anonymous_17)
FN:272,(anonymous_18)
FN:282,(anonymous_19)
FN:294,(anonymous_20)
FN:310,(anonymous_21)
FN:322,(anonymous_22)
FN:334,(anonymous_23)
FN:358,(anonymous_24)
FN:369,(anonymous_25)
FN:407,(anonymous_26)
FN:412,(anonymous_27)
FN:420,(anonymous_28)
FN:429,(anonymous_29)
FN:444,(anonymous_30)
FN:455,(anonymous_31)
FN:467,(anonymous_32)
FNF:32
FNH:32
FNDA:5,(anonymous_1)
FNDA:5,(anonymous_2)
FNDA:5,(anonymous_3)
FNDA:1,(anonymous_4)
FNDA:5,(anonymous_5)
FNDA:2,(anonymous_6)
FNDA:2,(anonymous_7)
FNDA:5,(anonymous_8)
FNDA:4,(anonymous_9)
FNDA:8,(anonymous_10)
FNDA:40,(anonymous_11)
FNDA:2,(anonymous_12)
FNDA:18,(anonymous_13)
FNDA:5,(anonymous_14)
FNDA:7,(anonymous_15)
FNDA:42,(anonymous_16)
FNDA:2,(anonymous_17)
FNDA:2,(anonymous_18)
FNDA:44,(anonymous_19)
FNDA:5,(anonymous_20)
FNDA:62,(anonymous_21)
FNDA:20,(anonymous_22)
FNDA:5,(anonymous_23)
FNDA:9,(anonymous_24)
FNDA:13,(anonymous_25)
FNDA:54,(anonymous_26)
FNDA:59,(anonymous_27)
FNDA:219,(anonymous_28)
FNDA:54,(anonymous_29)
FNDA:20,(anonymous_30)
FNDA:25,(anonymous_31)
FNDA:10,(anonymous_32)
DA:6,1
DA:21,1
DA:22,5
DA:25,1
DA:135,1
DA:137,1
DA:140,5
DA:141,5
DA:142,5
DA:143,5
DA:144,5
DA:147,5
DA:148,5
DA:150,5
DA:151,1
DA:152,1
DA:154,0
DA:158,5
DA:159,5
DA:163,5
DA:165,5
DA:166,2
DA:167,2
DA:168,2
DA:171,5
DA:172,2
DA:173,2
DA:174,2
DA:180,5
DA:182,5
DA:183,5
DA:184,4
DA:185,4
DA:186,4
DA:187,4
DA:188,4
DA:189,4
DA:190,0
DA:192,4
DA:193,4
DA:194,2
DA:196,2
DA:208,8
DA:213,8
DA:214,40
DA:215,8
DA:216,8
DA:220,8
DA:224,2
DA:229,2
DA:230,18
DA:232,2
DA:236,5
DA:240,5
DA:241,5
DA:246,7
DA:248,7
DA:249,42
DA:251,7
DA:252,7
DA:253,7
DA:261,2
DA:264,2
DA:265,2
DA:266,2
DA:273,2
DA:275,2
DA:277,2
DA:278,2
DA:283,44
DA:290,44
DA:291,44
DA:295,5
DA:301,5
DA:302,2
DA:305,2
DA:306,2
DA:311,62
DA:315,62
DA:316,15
DA:317,15
DA:319,62
DA:323,20
DA:327,20
DA:328,5
DA:329,5
DA:331,20
DA:335,5
DA:342,5
DA:343,5
DA:344,5
DA:346,5
DA:352,5
DA:353,5
DA:354,5
DA:359,9
DA:361,9
DA:362,4
DA:370,13
DA:374,13
DA:375,3
DA:377,10
DA:383,10
DA:385,4
DA:386,4
DA:387,4
DA:389,2
DA:390,2
DA:391,2
DA:393,2
DA:394,2
DA:395,2
DA:397,2
DA:398,2
DA:400,2
DA:403,10
DA:409,54
DA:413,59
DA:418,59
DA:419,49
DA:420,49
DA:421,219
DA:422,219
DA:426,59
DA:430,54
DA:436,54
DA:437,42
DA:439,12
DA:441,54
DA:445,20
DA:450,20
DA:451,15
DA:453,5
DA:455,5
DA:456,25
DA:457,25
DA:458,5
DA:461,5
DA:464,20
DA:468,10
DA:471,10
DA:472,8
DA:474,2
DA:478,1
LF:144
LH:142
BRDA:151,1,0,1
BRDA:151,1,1,0
BRDA:167,2,0,2
BRDA:167,2,1,0
BRDA:173,3,0,2
BRDA:173,3,1,0
BRDA:182,4,0,5
BRDA:182,4,1,0
BRDA:185,5,0,4
BRDA:185,5,1,0
BRDA:187,6,0,4
BRDA:187,6,1,0
BRDA:189,7,0,0
BRDA:189,7,1,4
BRDA:189,8,0,4
BRDA:189,8,1,4
BRDA:189,8,2,2
BRDA:193,9,0,2
BRDA:193,9,1,2
BRDA:214,10,0,8
BRDA:214,10,1,32
BRDA:251,11,0,7
BRDA:251,11,1,0
BRDA:251,12,0,7
BRDA:251,12,1,7
BRDA:301,13,0,2
BRDA:301,13,1,3
BRDA:315,14,0,15
BRDA:315,14,1,47
BRDA:327,15,0,5
BRDA:327,15,1,15
BRDA:342,16,0,5
BRDA:342,16,1,0
BRDA:361,17,0,4
BRDA:361,17,1,5
BRDA:374,18,0,3
BRDA:374,18,1,10
BRDA:383,19,0,4
BRDA:383,19,1,2
BRDA:383,19,2,2
BRDA:383,19,3,2
BRDA:383,19,4,2
BRDA:418,20,0,49
BRDA:418,20,1,10
BRDA:421,21,0,219
BRDA:421,21,1,0
BRDA:436,22,0,42
BRDA:436,22,1,12
BRDA:450,23,0,15
BRDA:450,23,1,5
BRDA:457,24,0,5
BRDA:457,24,1,20
BRDA:457,25,0,25
BRDA:457,25,1,25
BRDA:471,26,0,8
BRDA:471,26,1,2
BRF:56
BRH:46
end_of_record
TN:
SF:/Users/dxq613/Desktop/work/acharts/achart-legend/src/legenditem.js
FN:22,(anonymous_1)
FN:131,(anonymous_2)
FN:138,(anonymous_3)
FN:145,(anonymous_4)
FN:161,(anonymous_5)
FN:171,(anonymous_6)
FN:176,(anonymous_7)
FN:194,(anonymous_8)
FN:209,(anonymous_9)
FNF:9
FNH:9
FNDA:44,(anonymous_1)
FNDA:44,(anonymous_2)
FNDA:44,(anonymous_3)
FNDA:48,(anonymous_4)
FNDA:48,(anonymous_5)
FNDA:244,(anonymous_6)
FNDA:44,(anonymous_7)
FNDA:44,(anonymous_8)
FNDA:44,(anonymous_9)
DA:7,1
DA:22,1
DA:23,44
DA:26,1
DA:127,1
DA:129,1
DA:132,44
DA:133,44
DA:134,44
DA:135,44
DA:136,44
DA:139,44
DA:141,44
DA:146,48
DA:151,48
DA:155,48
DA:162,48
DA:163,48
DA:164,48
DA:172,244
DA:174,244
DA:177,44
DA:184,44
DA:185,0
DA:187,44
DA:188,0
DA:190,44
DA:191,44
DA:195,44
DA:203,44
DA:204,42
DA:206,44
DA:207,44
DA:210,44
DA:214,44
DA:215,41
DA:216,41
DA:217,41
DA:218,41
DA:219,41
DA:221,44
DA:225,1
LF:42
LH:40
BRDA:149,1,0,46
BRDA:149,1,1,2
BRDA:151,2,0,48
BRDA:151,2,1,44
BRDA:155,3,0,48
BRDA:155,3,1,43
BRDA:163,4,0,48
BRDA:163,4,1,0
BRDA:184,5,0,0
BRDA:184,5,1,44
BRDA:187,6,0,0
BRDA:187,6,1,44
BRDA:203,7,0,42
BRDA:203,7,1,2
BRDA:203,8,0,44
BRDA:203,8,1,44
BRDA:206,9,0,44
BRDA:206,9,1,42
BRDA:214,10,0,41
BRDA:214,10,1,3
BRF:20
BRH:17
end_of_record
TN:
SF:/Users/dxq613/Desktop/work/acharts/achart-legend/src/uselegend.js
FN:14,(anonymous_1)
FN:38,(anonymous_2)
FN:58,(anonymous_3)
FN:66,(anonymous_4)
FN:73,(anonymous_5)
FN:85,(anonymous_6)
FN:92,(anonymous_7)
FN:97,(anonymous_8)
FN:106,(anonymous_9)
FN:114,(anonymous_10)
FN:120,(anonymous_11)
FN:130,(anonymous_12)
FNF:12
FNH:10
FNDA:0,(anonymous_1)
FNDA:1,(anonymous_2)
FNDA:0,(anonymous_3)
FNDA:4,(anonymous_4)
FNDA:1,(anonymous_5)
FNDA:1,(anonymous_6)
FNDA:1,(anonymous_7)
FNDA:1,(anonymous_8)
FNDA:1,(anonymous_9)
FNDA:1,(anonymous_10)
FNDA:1,(anonymous_11)
FNDA:1,(anonymous_12)
DA:3,1
DA:14,1
DA:18,1
DA:32,1
DA:39,1
DA:42,1
DA:43,1
DA:44,1
DA:46,1
DA:47,1
DA:49,1
DA:50,1
DA:59,0
DA:67,4
DA:74,1
DA:77,1
DA:78,1
DA:86,1
DA:89,1
DA:93,1
DA:97,1
DA:98,1
DA:100,1
DA:101,1
DA:106,1
DA:107,1
DA:109,1
DA:110,1
DA:114,1
DA:115,1
DA:117,1
DA:120,1
DA:121,1
DA:123,1
DA:131,1
DA:133,1
DA:134,1
DA:140,1
LF:38
LH:37
BRDA:42,1,0,1
BRDA:42,1,1,0
BRDA:43,2,0,1
BRDA:43,2,1,0
BRDA:44,3,0,1
BRDA:44,3,1,1
BRDA:46,4,0,1
BRDA:46,4,1,1
BRDA:77,5,0,1
BRDA:77,5,1,0
BRDA:100,6,0,1
BRDA:100,6,1,0
BRDA:109,7,0,1
BRDA:109,7,1,0
BRDA:133,8,0,1
BRDA:133,8,1,0
BRF:16
BRH:10
end_of_record
